<?xml version="1.0" encoding="UTF-8"?>
<testsuite xmlns:xsi="http://www.w3.org/2001/XMLSchema-instance" xsi:noNamespaceSchemaLocation="https://maven.apache.org/surefire/maven-surefire-plugin/xsd/surefire-test-report-3.0.xsd" version="3.0" name="com.natwest.generator.DefaultPrimeNumberGeneratorTest" time="0.517" tests="2" errors="0" skipped="0" failures="0">
  <properties>
    <property name="java.specification.version" value="21"/>
    <property name="sun.jnu.encoding" value="UTF-8"/>
    <property name="java.class.path" value="/Users/kanikashreya/Documents/Test_Natwest/test/prime-number-service/prime-number-generator/target/test-classes:/Users/kanikashreya/Documents/Test_Natwest/test/prime-number-service/prime-number-generator/target/classes:/Users/kanikashreya/.m2/repository/com/google/guava/guava/32.0.1-android/guava-32.0.1-android.jar:/Users/kanikashreya/.m2/repository/com/google/guava/failureaccess/1.0.1/failureaccess-1.0.1.jar:/Users/kanikashreya/.m2/repository/com/google/guava/listenablefuture/9999.0-empty-to-avoid-conflict-with-guava/listenablefuture-9999.0-empty-to-avoid-conflict-with-guava.jar:/Users/kanikashreya/.m2/repository/com/google/code/findbugs/jsr305/3.0.2/jsr305-3.0.2.jar:/Users/kanikashreya/.m2/repository/org/checkerframework/checker-qual/3.33.0/checker-qual-3.33.0.jar:/Users/kanikashreya/.m2/repository/com/google/errorprone/error_prone_annotations/2.18.0/error_prone_annotations-2.18.0.jar:/Users/kanikashreya/.m2/repository/com/google/j2objc/j2objc-annotations/2.8/j2objc-annotations-2.8.jar:/Users/kanikashreya/.m2/repository/org/mockito/mockito-core/5.14.2/mockito-core-5.14.2.jar:/Users/kanikashreya/.m2/repository/net/bytebuddy/byte-buddy/1.15.4/byte-buddy-1.15.4.jar:/Users/kanikashreya/.m2/repository/net/bytebuddy/byte-buddy-agent/1.15.4/byte-buddy-agent-1.15.4.jar:/Users/kanikashreya/.m2/repository/org/objenesis/objenesis/3.3/objenesis-3.3.jar:/Users/kanikashreya/.m2/repository/junit/junit/4.13.1/junit-4.13.1.jar:/Users/kanikashreya/.m2/repository/org/hamcrest/hamcrest-core/1.3/hamcrest-core-1.3.jar:/Users/kanikashreya/.m2/repository/org/junit/jupiter/junit-jupiter-api/6.0.0-M1/junit-jupiter-api-6.0.0-M1.jar:/Users/kanikashreya/.m2/repository/org/opentest4j/opentest4j/1.3.0/opentest4j-1.3.0.jar:/Users/kanikashreya/.m2/repository/org/junit/platform/junit-platform-commons/6.0.0-M1/junit-platform-commons-6.0.0-M1.jar:/Users/kanikashreya/.m2/repository/org/jspecify/jspecify/1.0.0/jspecify-1.0.0.jar:/Users/kanikashreya/.m2/repository/org/apiguardian/apiguardian-api/1.1.2/apiguardian-api-1.1.2.jar:"/>
    <property name="java.vm.vendor" value="Microsoft"/>
    <property name="sun.arch.data.model" value="64"/>
    <property name="java.vendor.url" value="https://www.microsoft.com"/>
    <property name="user.timezone" value="Europe/London"/>
    <property name="os.name" value="Mac OS X"/>
    <property name="java.vm.specification.version" value="21"/>
    <property name="sun.java.launcher" value="SUN_STANDARD"/>
    <property name="user.country" value="IE"/>
    <property name="sun.boot.library.path" value="/Users/kanikashreya/Library/Java/JavaVirtualMachines/ms-21.0.7/Contents/Home/lib"/>
    <property name="sun.java.command" value="/Users/kanikashreya/Documents/Test_Natwest/test/prime-number-service/prime-number-generator/target/surefire/surefirebooter-20250808135335396_3.jar /Users/kanikashreya/Documents/Test_Natwest/test/prime-number-service/prime-number-generator/target/surefire 2025-08-08T13-53-35_163-jvmRun1 surefire-20250808135335396_1tmp surefire_0-20250808135335396_2tmp"/>
    <property name="http.nonProxyHosts" value="local|*.local|169.254/16|*.169.254/16"/>
    <property name="jdk.debug" value="release"/>
    <property name="surefire.test.class.path" value="/Users/kanikashreya/Documents/Test_Natwest/test/prime-number-service/prime-number-generator/target/test-classes:/Users/kanikashreya/Documents/Test_Natwest/test/prime-number-service/prime-number-generator/target/classes:/Users/kanikashreya/.m2/repository/com/google/guava/guava/32.0.1-android/guava-32.0.1-android.jar:/Users/kanikashreya/.m2/repository/com/google/guava/failureaccess/1.0.1/failureaccess-1.0.1.jar:/Users/kanikashreya/.m2/repository/com/google/guava/listenablefuture/9999.0-empty-to-avoid-conflict-with-guava/listenablefuture-9999.0-empty-to-avoid-conflict-with-guava.jar:/Users/kanikashreya/.m2/repository/com/google/code/findbugs/jsr305/3.0.2/jsr305-3.0.2.jar:/Users/kanikashreya/.m2/repository/org/checkerframework/checker-qual/3.33.0/checker-qual-3.33.0.jar:/Users/kanikashreya/.m2/repository/com/google/errorprone/error_prone_annotations/2.18.0/error_prone_annotations-2.18.0.jar:/Users/kanikashreya/.m2/repository/com/google/j2objc/j2objc-annotations/2.8/j2objc-annotations-2.8.jar:/Users/kanikashreya/.m2/repository/org/mockito/mockito-core/5.14.2/mockito-core-5.14.2.jar:/Users/kanikashreya/.m2/repository/net/bytebuddy/byte-buddy/1.15.4/byte-buddy-1.15.4.jar:/Users/kanikashreya/.m2/repository/net/bytebuddy/byte-buddy-agent/1.15.4/byte-buddy-agent-1.15.4.jar:/Users/kanikashreya/.m2/repository/org/objenesis/objenesis/3.3/objenesis-3.3.jar:/Users/kanikashreya/.m2/repository/junit/junit/4.13.1/junit-4.13.1.jar:/Users/kanikashreya/.m2/repository/org/hamcrest/hamcrest-core/1.3/hamcrest-core-1.3.jar:/Users/kanikashreya/.m2/repository/org/junit/jupiter/junit-jupiter-api/6.0.0-M1/junit-jupiter-api-6.0.0-M1.jar:/Users/kanikashreya/.m2/repository/org/opentest4j/opentest4j/1.3.0/opentest4j-1.3.0.jar:/Users/kanikashreya/.m2/repository/org/junit/platform/junit-platform-commons/6.0.0-M1/junit-platform-commons-6.0.0-M1.jar:/Users/kanikashreya/.m2/repository/org/jspecify/jspecify/1.0.0/jspecify-1.0.0.jar:/Users/kanikashreya/.m2/repository/org/apiguardian/apiguardian-api/1.1.2/apiguardian-api-1.1.2.jar:"/>
    <property name="sun.cpu.endian" value="little"/>
    <property name="user.home" value="/Users/kanikashreya"/>
    <property name="user.language" value="en"/>
    <property name="java.specification.vendor" value="Oracle Corporation"/>
    <property name="java.version.date" value="2025-04-15"/>
    <property name="java.home" value="/Users/kanikashreya/Library/Java/JavaVirtualMachines/ms-21.0.7/Contents/Home"/>
    <property name="file.separator" value="/"/>
    <property name="basedir" value="/Users/kanikashreya/Documents/Test_Natwest/test/prime-number-service/prime-number-generator"/>
    <property name="java.vm.compressedOopsMode" value="Zero based"/>
    <property name="line.separator" value="&#10;"/>
    <property name="java.vm.specification.vendor" value="Oracle Corporation"/>
    <property name="java.specification.name" value="Java Platform API Specification"/>
    <property name="apple.awt.application.name" value="ForkedBooter"/>
    <property name="surefire.real.class.path" value="/Users/kanikashreya/Documents/Test_Natwest/test/prime-number-service/prime-number-generator/target/surefire/surefirebooter-20250808135335396_3.jar"/>
    <property name="sun.management.compiler" value="HotSpot 64-Bit Tiered Compilers"/>
    <property name="ftp.nonProxyHosts" value="local|*.local|169.254/16|*.169.254/16"/>
    <property name="java.runtime.version" value="21.0.7+6-LTS"/>
    <property name="user.name" value="kanikashreya"/>
    <property name="stdout.encoding" value="UTF-8"/>
    <property name="path.separator" value=":"/>
    <property name="os.version" value="12.7.6"/>
    <property name="java.runtime.name" value="OpenJDK Runtime Environment"/>
    <property name="file.encoding" value="UTF-8"/>
    <property name="java.vm.name" value="OpenJDK 64-Bit Server VM"/>
    <property name="java.vendor.version" value="Microsoft-11369938"/>
    <property name="localRepository" value="/Users/kanikashreya/.m2/repository"/>
    <property name="java.vendor.url.bug" value="https://github.com/microsoft/openjdk/issues"/>
    <property name="java.io.tmpdir" value="/var/folders/vg/kl8hwr_n4k984jgyrjdsv48w0000gn/T/"/>
    <property name="java.version" value="21.0.7"/>
    <property name="user.dir" value="/Users/kanikashreya/Documents/Test_Natwest/test/prime-number-service/prime-number-generator"/>
    <property name="os.arch" value="x86_64"/>
    <property name="java.vm.specification.name" value="Java Virtual Machine Specification"/>
    <property name="native.encoding" value="UTF-8"/>
    <property name="java.library.path" value="/Users/kanikashreya/Library/Java/Extensions:/Library/Java/Extensions:/Network/Library/Java/Extensions:/System/Library/Java/Extensions:/usr/lib/java:."/>
    <property name="java.vm.info" value="mixed mode, sharing"/>
    <property name="stderr.encoding" value="UTF-8"/>
    <property name="java.vendor" value="Microsoft"/>
    <property name="java.vm.version" value="21.0.7+6-LTS"/>
    <property name="sun.io.unicode.encoding" value="UnicodeBig"/>
    <property name="socksNonProxyHosts" value="local|*.local|169.254/16|*.169.254/16"/>
    <property name="java.class.version" value="65.0"/>
  </properties>
  <testcase name="generateEmptyList" classname="com.natwest.generator.DefaultPrimeNumberGeneratorTest" time="0.49"/>
  <testcase name="generate" classname="com.natwest.generator.DefaultPrimeNumberGeneratorTest" time="0.023"/>
</testsuite>